2020-02-02 21:39:28,852 - /Users/pc/Documents/Source/CMPE273-Lab1/ext_merge_sort.py[line:29] - INFO: Current fetching from 0 to 10
2020-02-02 21:39:28,852 - /Users/pc/Documents/Source/CMPE273-Lab1/ext_merge_sort.py[line:33] - INFO: Fetching result is [0, 1, 2, 3, 4, 5, 6, 7, 8, 9]
2020-02-02 21:39:28,852 - /Users/pc/Documents/Source/CMPE273-Lab1/ext_merge_sort.py[line:29] - INFO: Current fetching from 10 to 20
2020-02-02 21:39:28,852 - /Users/pc/Documents/Source/CMPE273-Lab1/ext_merge_sort.py[line:33] - INFO: Fetching result is [10, 11, 12, 13, 14, 15, 16, 17, 18, 19]
2020-02-02 21:39:28,852 - /Users/pc/Documents/Source/CMPE273-Lab1/ext_merge_sort.py[line:29] - INFO: Current fetching from 20 to 21
2020-02-02 21:39:28,852 - /Users/pc/Documents/Source/CMPE273-Lab1/ext_merge_sort.py[line:33] - INFO: Fetching result is []
2020-02-02 21:39:28,853 - /Users/pc/Documents/Source/CMPE273-Lab1/ext_merge_sort.py[line:44] - INFO: Now pushing 0
2020-02-02 21:39:28,853 - /Users/pc/Documents/Source/CMPE273-Lab1/ext_merge_sort.py[line:51] - INFO: Buff after push is [0]
2020-02-02 21:39:28,853 - /Users/pc/Documents/Source/CMPE273-Lab1/ext_merge_sort.py[line:44] - INFO: Now pushing 1
2020-02-02 21:39:28,853 - /Users/pc/Documents/Source/CMPE273-Lab1/ext_merge_sort.py[line:51] - INFO: Buff after push is [0, 1]
2020-02-02 21:39:28,853 - /Users/pc/Documents/Source/CMPE273-Lab1/ext_merge_sort.py[line:44] - INFO: Now pushing 2
2020-02-02 21:39:28,853 - /Users/pc/Documents/Source/CMPE273-Lab1/ext_merge_sort.py[line:51] - INFO: Buff after push is [0, 1, 2]
2020-02-02 21:39:28,853 - /Users/pc/Documents/Source/CMPE273-Lab1/ext_merge_sort.py[line:44] - INFO: Now pushing 3
2020-02-02 21:39:28,853 - /Users/pc/Documents/Source/CMPE273-Lab1/ext_merge_sort.py[line:51] - INFO: Buff after push is [0, 1, 2, 3]
2020-02-02 21:39:28,853 - /Users/pc/Documents/Source/CMPE273-Lab1/ext_merge_sort.py[line:44] - INFO: Now pushing 4
2020-02-02 21:39:28,853 - /Users/pc/Documents/Source/CMPE273-Lab1/ext_merge_sort.py[line:51] - INFO: Buff after push is [0, 1, 2, 3, 4]
2020-02-02 21:39:28,853 - /Users/pc/Documents/Source/CMPE273-Lab1/ext_merge_sort.py[line:44] - INFO: Now pushing 5
2020-02-02 21:39:28,853 - /Users/pc/Documents/Source/CMPE273-Lab1/ext_merge_sort.py[line:51] - INFO: Buff after push is [0, 1, 2, 3, 4, 5]
2020-02-02 21:39:28,853 - /Users/pc/Documents/Source/CMPE273-Lab1/ext_merge_sort.py[line:44] - INFO: Now pushing 6
2020-02-02 21:39:28,853 - /Users/pc/Documents/Source/CMPE273-Lab1/ext_merge_sort.py[line:51] - INFO: Buff after push is [0, 1, 2, 3, 4, 5, 6]
2020-02-02 21:39:28,853 - /Users/pc/Documents/Source/CMPE273-Lab1/ext_merge_sort.py[line:44] - INFO: Now pushing 7
2020-02-02 21:39:28,853 - /Users/pc/Documents/Source/CMPE273-Lab1/ext_merge_sort.py[line:51] - INFO: Buff after push is [0, 1, 2, 3, 4, 5, 6, 7]
2020-02-02 21:39:28,853 - /Users/pc/Documents/Source/CMPE273-Lab1/ext_merge_sort.py[line:44] - INFO: Now pushing 8
2020-02-02 21:39:28,853 - /Users/pc/Documents/Source/CMPE273-Lab1/ext_merge_sort.py[line:51] - INFO: Buff after push is [0, 1, 2, 3, 4, 5, 6, 7, 8]
2020-02-02 21:39:28,853 - /Users/pc/Documents/Source/CMPE273-Lab1/ext_merge_sort.py[line:44] - INFO: Now pushing 9
2020-02-02 21:39:28,853 - /Users/pc/Documents/Source/CMPE273-Lab1/ext_merge_sort.py[line:51] - INFO: Buff after push is []
